<?xml version="1.0" encoding="UTF-8"?>
<testng-results skipped="0" failed="0" ignored="0" total="1" passed="1">
  <reporter-output>
  </reporter-output>
  <suite name="Default suite" duration-ms="15823" started-at="2017-08-08T03:08:36Z" finished-at="2017-08-08T03:08:52Z">
    <groups>
    </groups>
    <test name="Default test" duration-ms="15823" started-at="2017-08-08T03:08:36Z" finished-at="2017-08-08T03:08:52Z">
      <class name="gitTest.GitTest">
        <test-method status="PASS" signature="logintest()[pri:0, instance:gitTest.GitTest@331efc39]" name="logintest" duration-ms="15730" started-at="2017-08-08T08:38:36Z" finished-at="2017-08-08T08:38:52Z">
          <reporter-output>
          </reporter-output>
        </test-method> <!-- logintest -->
      </class> <!-- gitTest.GitTest -->
    </test> <!-- Default test -->
  </suite> <!-- Default suite -->
</testng-results>
