<?xml version="1.0" encoding="UTF-8"?>
<testng-results skipped="0" failed="0" ignored="0" total="1" passed="1">
  <reporter-output>
  </reporter-output>
  <suite name="Default suite" duration-ms="6539" started-at="2017-08-07T04:38:53Z" finished-at="2017-08-07T04:39:00Z">
    <groups>
    </groups>
    <test name="Default test" duration-ms="6539" started-at="2017-08-07T04:38:53Z" finished-at="2017-08-07T04:39:00Z">
      <class name="gitTest.GitTest">
        <test-method status="PASS" signature="logintest()[pri:0, instance:gitTest.GitTest@331efc39]" name="logintest" duration-ms="6351" started-at="2017-08-07T10:08:54Z" finished-at="2017-08-07T10:09:00Z">
          <reporter-output>
          </reporter-output>
        </test-method> <!-- logintest -->
      </class> <!-- gitTest.GitTest -->
    </test> <!-- Default test -->
  </suite> <!-- Default suite -->
</testng-results>
